# JRE version: Java(TM) SE Runtime Environment (17.0.8+9) (build 17.0.8+9-LTS-211)
# Java VM: Java HotSpot(TM) 64-Bit Server VM (17.0.8+9-LTS-211, mixed mode, sharing, tiered, compressed oops, compressed class ptrs, g1 gc, windows-amd64)
GC Precious Log:
 CPUs: 4 total, 4 available
 Memory: 12203M
 Large Page Support: Disabled
 NUMA Support: Disabled
 Compressed Oops: Enabled (Zero based)
 Heap Region Size: 2M
 Heap Min Capacity: 8M
 Heap Initial Capacity: 192M
 Heap Max Capacity: 3052M
 Pre-touch: Disabled
 Parallel Workers: 4
 Concurrent Workers: 1
 Concurrent Refinement Workers: 4
 Periodic GC: Disabled
Heap:
 garbage-first heap   total 133120K, used 51772K [0x0000000741400000, 0x0000000800000000)
  region size 2048K, 1 young (2048K), 1 survivors (2048K)
 Metaspace       used 65591K, committed 66112K, reserved 1114112K
  class space    used 8970K, committed 9216K, reserved 1048576K
GC Heap History (20 events):
Event: 10.821 GC heap after
{Heap after GC invocations=11 (full 0):
 garbage-first heap   total 73728K, used 23308K [0x0000000741400000, 0x0000000800000000)
  region size 2048K, 2 young (4096K), 2 survivors (4096K)
 Metaspace       used 42907K, committed 43328K, reserved 1114112K
  class space    used 5793K, committed 5952K, reserved 1048576K
}
Event: 12.202 GC heap before
{Heap before GC invocations=11 (full 0):
 garbage-first heap   total 73728K, used 51980K [0x0000000741400000, 0x0000000800000000)
  region size 2048K, 17 young (34816K), 2 survivors (4096K)
 Metaspace       used 50325K, committed 50816K, reserved 1114112K
  class space    used 6862K, committed 7104K, reserved 1048576K
}
Event: 12.217 GC heap after
{Heap after GC invocations=12 (full 0):
 garbage-first heap   total 73728K, used 24922K [0x0000000741400000, 0x0000000800000000)
  region size 2048K, 3 young (6144K), 3 survivors (6144K)
 Metaspace       used 50325K, committed 50816K, reserved 1114112K
  class space    used 6862K, committed 7104K, reserved 1048576K
}
Event: 13.403 GC heap before
{Heap before GC invocations=12 (full 0):
 garbage-first heap   total 73728K, used 53594K [0x0000000741400000, 0x0000000800000000)
  region size 2048K, 17 young (34816K), 3 survivors (6144K)
 Metaspace       used 55331K, committed 55872K, reserved 1114112K
  class space    used 7671K, committed 7936K, reserved 1048576K
}
Event: 13.418 GC heap after
{Heap after GC invocations=13 (full 0):
 garbage-first heap   total 73728K, used 26399K [0x0000000741400000, 0x0000000800000000)
  region size 2048K, 2 young (4096K), 2 survivors (4096K)
 Metaspace       used 55331K, committed 55872K, reserved 1114112K
  class space    used 7671K, committed 7936K, reserved 1048576K
}
Event: 14.653 GC heap before
{Heap before GC invocations=13 (full 0):
 garbage-first heap   total 73728K, used 53023K [0x0000000741400000, 0x0000000800000000)
  region size 2048K, 16 young (32768K), 2 survivors (4096K)
 Metaspace       used 59684K, committed 60160K, reserved 1114112K
  class space    used 8223K, committed 8448K, reserved 1048576K
}
Event: 14.669 GC heap after
{Heap after GC invocations=14 (full 0):
 garbage-first heap   total 73728K, used 28466K [0x0000000741400000, 0x0000000800000000)
  region size 2048K, 2 young (4096K), 2 survivors (4096K)
 Metaspace       used 59684K, committed 60160K, reserved 1114112K
  class space    used 8223K, committed 8448K, reserved 1048576K
}
Event: 15.768 GC heap before
{Heap before GC invocations=15 (full 0):
 garbage-first heap   total 73728K, used 57138K [0x0000000741400000, 0x0000000800000000)
  region size 2048K, 16 young (32768K), 2 survivors (4096K)
 Metaspace       used 62627K, committed 63104K, reserved 1114112K
  class space    used 8658K, committed 8896K, reserved 1048576K
}
Event: 15.790 GC heap after
{Heap after GC invocations=16 (full 0):
 garbage-first heap   total 73728K, used 30366K [0x0000000741400000, 0x0000000800000000)
  region size 2048K, 1 young (2048K), 1 survivors (2048K)
 Metaspace       used 62627K, committed 63104K, reserved 1114112K
  class space    used 8658K, committed 8896K, reserved 1048576K
}
Event: 16.746 GC heap before
{Heap before GC invocations=16 (full 0):
 garbage-first heap   total 73728K, used 54942K [0x0000000741400000, 0x0000000800000000)
  region size 2048K, 14 young (28672K), 1 survivors (2048K)
 Metaspace       used 65209K, committed 65664K, reserved 1114112K
  class space    used 8955K, committed 9152K, reserved 1048576K
}
Event: 16.764 GC heap after
{Heap after GC invocations=17 (full 0):
 garbage-first heap   total 90112K, used 34690K [0x0000000741400000, 0x0000000800000000)
  region size 2048K, 2 young (4096K), 2 survivors (4096K)
 Metaspace       used 65209K, committed 65664K, reserved 1114112K
  class space    used 8955K, committed 9152K, reserved 1048576K
}
Event: 17.444 GC heap before
{Heap before GC invocations=17 (full 0):
 garbage-first heap   total 90112K, used 65410K [0x0000000741400000, 0x0000000800000000)
  region size 2048K, 18 young (36864K), 2 survivors (4096K)
 Metaspace       used 65352K, committed 65856K, reserved 1114112K
  class space    used 8958K, committed 9152K, reserved 1048576K
}
Event: 17.471 GC heap after
{Heap after GC invocations=18 (full 0):
 garbage-first heap   total 90112K, used 41986K [0x0000000741400000, 0x0000000800000000)
  region size 2048K, 3 young (6144K), 3 survivors (6144K)
 Metaspace       used 65352K, committed 65856K, reserved 1114112K
  class space    used 8958K, committed 9152K, reserved 1048576K
}
Event: 17.875 GC heap before
{Heap before GC invocations=18 (full 0):
 garbage-first heap   total 90112K, used 64514K [0x0000000741400000, 0x0000000800000000)
  region size 2048K, 15 young (30720K), 3 survivors (6144K)
 Metaspace       used 65497K, committed 66048K, reserved 1114112K
  class space    used 8969K, committed 9216K, reserved 1048576K
}
Event: 17.899 GC heap after
{Heap after GC invocations=19 (full 0):
 garbage-first heap   total 90112K, used 48465K [0x0000000741400000, 0x0000000800000000)
  region size 2048K, 2 young (4096K), 2 survivors (4096K)
 Metaspace       used 65497K, committed 66048K, reserved 1114112K
  class space    used 8969K, committed 9216K, reserved 1048576K
}
Event: 18.207 GC heap before
{Heap before GC invocations=19 (full 0):
 garbage-first heap   total 90112K, used 64849K [0x0000000741400000, 0x0000000800000000)
  region size 2048K, 11 young (22528K), 2 survivors (4096K)
 Metaspace       used 65534K, committed 66048K, reserved 1114112K
  class space    used 8970K, committed 9216K, reserved 1048576K
}
Event: 18.220 GC heap after
{Heap after GC invocations=20 (full 0):
 garbage-first heap   total 90112K, used 53275K [0x0000000741400000, 0x0000000800000000)
  region size 2048K, 2 young (4096K), 2 survivors (4096K)
 Metaspace       used 65534K, committed 66048K, reserved 1114112K
  class space    used 8970K, committed 9216K, reserved 1048576K
}
Event: 18.536 GC heap before
{Heap before GC invocations=21 (full 0):
 garbage-first heap   total 112640K, used 67611K [0x0000000741400000, 0x0000000800000000)
  region size 2048K, 9 young (18432K), 2 survivors (4096K)
 Metaspace       used 65585K, committed 66112K, reserved 1114112K
  class space    used 8970K, committed 9216K, reserved 1048576K
}
Event: 18.558 GC heap after
{Heap after GC invocations=22 (full 0):
 garbage-first heap   total 112640K, used 58102K [0x0000000741400000, 0x0000000800000000)
  region size 2048K, 2 young (4096K), 2 survivors (4096K)
 Metaspace       used 65585K, committed 66112K, reserved 1114112K
  class space    used 8970K, committed 9216K, reserved 1048576K
}
Event: 18.579 GC heap before
{Heap before GC invocations=22 (full 0):
 garbage-first heap   total 112640K, used 58102K [0x0000000741400000, 0x0000000800000000)
  region size 2048K, 3 young (6144K), 2 survivors (4096K)
 Metaspace       used 65591K, committed 66112K, reserved 1114112K
  class space    used 8970K, committed 9216K, reserved 1048576K
}

