# JRE version: Java(TM) SE Runtime Environment (17.0.8+9) (build 17.0.8+9-LTS-211)
# Java VM: Java HotSpot(TM) 64-Bit Server VM (17.0.8+9-LTS-211, mixed mode, sharing, tiered, compressed oops, compressed class ptrs, g1 gc, windows-amd64)
GC Precious Log:
 CPUs: 4 total, 4 available
 Memory: 12203M
 Large Page Support: Disabled
 NUMA Support: Disabled
 Compressed Oops: Enabled (Zero based)
 Heap Region Size: 2M
 Heap Min Capacity: 8M
 Heap Initial Capacity: 192M
 Heap Max Capacity: 3052M
 Pre-touch: Disabled
 Parallel Workers: 4
 Concurrent Workers: 1
 Concurrent Refinement Workers: 4
 Periodic GC: Disabled
Heap:
 garbage-first heap   total 131072K, used 56559K [0x0000000741400000, 0x0000000800000000)
  region size 2048K, 2 young (4096K), 2 survivors (4096K)
 Metaspace       used 65588K, committed 66112K, reserved 1114112K
  class space    used 8970K, committed 9216K, reserved 1048576K
GC Heap History (20 events):
Event: 9.765 GC heap after
{Heap after GC invocations=10 (full 0):
 garbage-first heap   total 86016K, used 20861K [0x0000000741400000, 0x0000000800000000)
  region size 2048K, 2 young (4096K), 2 survivors (4096K)
 Metaspace       used 35611K, committed 35968K, reserved 1114112K
  class space    used 4731K, committed 4864K, reserved 1048576K
}
Event: 12.251 GC heap before
{Heap before GC invocations=11 (full 0):
 garbage-first heap   total 81920K, used 61821K [0x0000000741400000, 0x0000000800000000)
  region size 2048K, 22 young (45056K), 2 survivors (4096K)
 Metaspace       used 44939K, committed 45440K, reserved 1114112K
  class space    used 6020K, committed 6272K, reserved 1048576K
}
Event: 12.264 GC heap after
{Heap after GC invocations=12 (full 0):
 garbage-first heap   total 81920K, used 23027K [0x0000000741400000, 0x0000000800000000)
  region size 2048K, 3 young (6144K), 3 survivors (6144K)
 Metaspace       used 44939K, committed 45440K, reserved 1114112K
  class space    used 6020K, committed 6272K, reserved 1048576K
}
Event: 14.022 GC heap before
{Heap before GC invocations=12 (full 0):
 garbage-first heap   total 81920K, used 59891K [0x0000000741400000, 0x0000000800000000)
  region size 2048K, 22 young (45056K), 3 survivors (6144K)
 Metaspace       used 52998K, committed 53440K, reserved 1114112K
  class space    used 7285K, committed 7488K, reserved 1048576K
}
Event: 14.040 GC heap after
{Heap after GC invocations=13 (full 0):
 garbage-first heap   total 81920K, used 24949K [0x0000000741400000, 0x0000000800000000)
  region size 2048K, 3 young (6144K), 3 survivors (6144K)
 Metaspace       used 52998K, committed 53440K, reserved 1114112K
  class space    used 7285K, committed 7488K, reserved 1048576K
}
Event: 15.526 GC heap before
{Heap before GC invocations=13 (full 0):
 garbage-first heap   total 81920K, used 59765K [0x0000000741400000, 0x0000000800000000)
  region size 2048K, 21 young (43008K), 3 survivors (6144K)
 Metaspace       used 59876K, committed 60288K, reserved 1114112K
  class space    used 8241K, committed 8448K, reserved 1048576K
}
Event: 15.546 GC heap after
{Heap after GC invocations=14 (full 0):
 garbage-first heap   total 81920K, used 28028K [0x0000000741400000, 0x0000000800000000)
  region size 2048K, 3 young (6144K), 3 survivors (6144K)
 Metaspace       used 59876K, committed 60288K, reserved 1114112K
  class space    used 8241K, committed 8448K, reserved 1048576K
}
Event: 17.006 GC heap before
{Heap before GC invocations=15 (full 0):
 garbage-first heap   total 81920K, used 62844K [0x0000000741400000, 0x0000000800000000)
  region size 2048K, 20 young (40960K), 3 survivors (6144K)
 Metaspace       used 63377K, committed 63872K, reserved 1114112K
  class space    used 8745K, committed 8960K, reserved 1048576K
}
Event: 17.027 GC heap after
{Heap after GC invocations=16 (full 0):
 garbage-first heap   total 81920K, used 30577K [0x0000000741400000, 0x0000000800000000)
  region size 2048K, 3 young (6144K), 3 survivors (6144K)
 Metaspace       used 63377K, committed 63872K, reserved 1114112K
  class space    used 8745K, committed 8960K, reserved 1048576K
}
Event: 18.057 GC heap before
{Heap before GC invocations=17 (full 0):
 garbage-first heap   total 81920K, used 61297K [0x0000000741400000, 0x0000000800000000)
  region size 2048K, 19 young (38912K), 3 survivors (6144K)
 Metaspace       used 65247K, committed 65728K, reserved 1114112K
  class space    used 8957K, committed 9152K, reserved 1048576K
}
Event: 18.084 GC heap after
{Heap after GC invocations=18 (full 0):
 garbage-first heap   total 81920K, used 35433K [0x0000000741400000, 0x0000000800000000)
  region size 2048K, 3 young (6144K), 3 survivors (6144K)
 Metaspace       used 65247K, committed 65728K, reserved 1114112K
  class space    used 8957K, committed 9152K, reserved 1048576K
}
Event: 18.556 GC heap before
{Heap before GC invocations=18 (full 0):
 garbage-first heap   total 81920K, used 60009K [0x0000000741400000, 0x0000000800000000)
  region size 2048K, 16 young (32768K), 3 survivors (6144K)
 Metaspace       used 65407K, committed 65984K, reserved 1114112K
  class space    used 8964K, committed 9216K, reserved 1048576K
}
Event: 18.590 GC heap after
{Heap after GC invocations=19 (full 0):
 garbage-first heap   total 81920K, used 43385K [0x0000000741400000, 0x0000000800000000)
  region size 2048K, 2 young (4096K), 2 survivors (4096K)
 Metaspace       used 65407K, committed 65984K, reserved 1114112K
  class space    used 8964K, committed 9216K, reserved 1048576K
}
Event: 18.792 GC heap before
{Heap before GC invocations=19 (full 0):
 garbage-first heap   total 81920K, used 57721K [0x0000000741400000, 0x0000000800000000)
  region size 2048K, 10 young (20480K), 2 survivors (4096K)
 Metaspace       used 65477K, committed 65984K, reserved 1114112K
  class space    used 8969K, committed 9216K, reserved 1048576K
}
Event: 18.807 GC heap after
{Heap after GC invocations=20 (full 0):
 garbage-first heap   total 81920K, used 47331K [0x0000000741400000, 0x0000000800000000)
  region size 2048K, 2 young (4096K), 2 survivors (4096K)
 Metaspace       used 65477K, committed 65984K, reserved 1114112K
  class space    used 8969K, committed 9216K, reserved 1048576K
}
Event: 19.036 GC heap before
{Heap before GC invocations=21 (full 0):
 garbage-first heap   total 100352K, used 61667K [0x0000000741400000, 0x0000000800000000)
  region size 2048K, 9 young (18432K), 2 survivors (4096K)
 Metaspace       used 65505K, committed 65984K, reserved 1114112K
  class space    used 8970K, committed 9216K, reserved 1048576K
}
Event: 19.046 GC heap after
{Heap after GC invocations=22 (full 0):
 garbage-first heap   total 100352K, used 49954K [0x0000000741400000, 0x0000000800000000)
  region size 2048K, 2 young (4096K), 2 survivors (4096K)
 Metaspace       used 65505K, committed 65984K, reserved 1114112K
  class space    used 8970K, committed 9216K, reserved 1048576K
}
Event: 19.077 GC heap before
{Heap before GC invocations=22 (full 0):
 garbage-first heap   total 100352K, used 49954K [0x0000000741400000, 0x0000000800000000)
  region size 2048K, 3 young (6144K), 2 survivors (4096K)
 Metaspace       used 65507K, committed 65984K, reserved 1114112K
  class space    used 8970K, committed 9216K, reserved 1048576K
}
Event: 19.083 GC heap after
{Heap after GC invocations=23 (full 0):
 garbage-first heap   total 100352K, used 48685K [0x0000000741400000, 0x0000000800000000)
  region size 2048K, 1 young (2048K), 1 survivors (2048K)
 Metaspace       used 65507K, committed 65984K, reserved 1114112K
  class space    used 8970K, committed 9216K, reserved 1048576K
}
Event: 19.398 GC heap before
{Heap before GC invocations=23 (full 0):
 garbage-first heap   total 100352K, used 73261K [0x0000000741400000, 0x0000000800000000)
  region size 2048K, 13 young (26624K), 1 survivors (2048K)
 Metaspace       used 65588K, committed 66112K, reserved 1114112K
  class space    used 8970K, committed 9216K, reserved 1048576K
}

